<?xml version="1.0" encoding="UTF-8"?>
<!-- Generated by org.testng.reporters.JUnitXMLReporter -->
<testsuite ignored="37" hostname="SahilBhayana" failures="0" tests="1" name="Regression" time="25.942" errors="0" timestamp="2022-10-02T14:59:59 PDT">
  <testcase classname="com.salesforce.test.tests.SalesforceAutomation" name="TC37" time="25.862"/>
  <testcase classname="com.salesforce.test.tests.SalesforceAutomation" name="TC23" time="0.0">
    <ignored/>
  </testcase> <!-- TC23 -->
  <testcase classname="com.salesforce.test.tests.SalesforceAutomation" name="TC15" time="0.0">
    <ignored/>
  </testcase> <!-- TC15 -->
  <testcase classname="com.salesforce.test.tests.SalesforceAutomation" name="TC25" time="0.0">
    <ignored/>
  </testcase> <!-- TC25 -->
  <testcase classname="com.salesforce.test.tests.SalesforceAutomation" name="TC31" time="0.0">
    <ignored/>
  </testcase> <!-- TC31 -->
  <testcase classname="com.salesforce.test.tests.SalesforceAutomation" name="TC27" time="0.0">
    <ignored/>
  </testcase> <!-- TC27 -->
  <testcase classname="com.salesforce.test.tests.SalesforceAutomation" name="TC05" time="0.0">
    <ignored/>
  </testcase> <!-- TC05 -->
  <testcase classname="com.salesforce.test.tests.SalesforceAutomation" name="TC19" time="0.0">
    <ignored/>
  </testcase> <!-- TC19 -->
  <testcase classname="com.salesforce.test.tests.SalesforceAutomation" name="ValidateLoginErrorMessage" time="0.0">
    <ignored/>
  </testcase> <!-- ValidateLoginErrorMessage -->
  <testcase classname="com.salesforce.test.tests.SalesforceAutomation" name="LoginToSalesForce" time="0.0">
    <ignored/>
  </testcase> <!-- LoginToSalesForce -->
  <testcase classname="com.salesforce.test.tests.SalesforceAutomation" name="TC29" time="0.0">
    <ignored/>
  </testcase> <!-- TC29 -->
  <testcase classname="com.salesforce.test.tests.SalesforceAutomation" name="TC07" time="0.0">
    <ignored/>
  </testcase> <!-- TC07 -->
  <testcase classname="com.salesforce.test.tests.SalesforceAutomation" name="TC35" time="0.0">
    <ignored/>
  </testcase> <!-- TC35 -->
  <testcase classname="com.salesforce.test.tests.SalesforceAutomation" name="TC09" time="0.0">
    <ignored/>
  </testcase> <!-- TC09 -->
  <testcase classname="com.salesforce.test.tests.SalesforceAutomation" name="TC13MergeAccounts" time="0.0">
    <ignored/>
  </testcase> <!-- TC13MergeAccounts -->
  <testcase classname="com.salesforce.test.tests.SalesforceAutomation" name="TC17" time="0.0">
    <ignored/>
  </testcase> <!-- TC17 -->
  <testcase classname="com.salesforce.test.tests.SalesforceAutomation" name="Chrome4A" time="0.0">
    <ignored/>
  </testcase> <!-- Chrome4A -->
  <testcase classname="com.salesforce.test.tests.SalesforceAutomation" name="TC10CreateAccount" time="0.0">
    <ignored/>
  </testcase> <!-- TC10CreateAccount -->
  <testcase classname="com.salesforce.test.tests.SalesforceAutomation" name="TC12Editview" time="0.0">
    <ignored/>
  </testcase> <!-- TC12Editview -->
  <testcase classname="com.salesforce.test.tests.SalesforceAutomation" name="TC33" time="0.0">
    <ignored/>
  </testcase> <!-- TC33 -->
  <testcase classname="com.salesforce.test.tests.SalesforceAutomation" name="TC34" time="0.0">
    <ignored/>
  </testcase> <!-- TC34 -->
  <testcase classname="com.salesforce.test.tests.SalesforceAutomation" name="TC26" time="0.0">
    <ignored/>
  </testcase> <!-- TC26 -->
  <testcase classname="com.salesforce.test.tests.SalesforceAutomation" name="TC36" time="0.0">
    <ignored/>
  </testcase> <!-- TC36 -->
  <testcase classname="com.salesforce.test.tests.SalesforceAutomation" name="TC14" time="0.0">
    <ignored/>
  </testcase> <!-- TC14 -->
  <testcase classname="com.salesforce.test.tests.SalesforceAutomation" name="TC21leadsselectvalue" time="0.0">
    <ignored/>
  </testcase> <!-- TC21leadsselectvalue -->
  <testcase classname="com.salesforce.test.tests.SalesforceAutomation" name="TC20LeadTab" time="0.0">
    <ignored/>
  </testcase> <!-- TC20LeadTab -->
  <testcase classname="com.salesforce.test.tests.SalesforceAutomation" name="TC16" time="0.0">
    <ignored/>
  </testcase> <!-- TC16 -->
  <testcase classname="com.salesforce.test.tests.SalesforceAutomation" name="TC08" time="0.0">
    <ignored/>
  </testcase> <!-- TC08 -->
  <testcase classname="com.salesforce.test.tests.SalesforceAutomation" name="TC18" time="0.0">
    <ignored/>
  </testcase> <!-- TC18 -->
  <testcase classname="com.salesforce.test.tests.SalesforceAutomation" name="TC24" time="0.0">
    <ignored/>
  </testcase> <!-- TC24 -->
  <testcase classname="com.salesforce.test.tests.SalesforceAutomation" name="TC28" time="0.0">
    <ignored/>
  </testcase> <!-- TC28 -->
  <testcase classname="com.salesforce.test.tests.SalesforceAutomation" name="TC06" time="0.0">
    <ignored/>
  </testcase> <!-- TC06 -->
  <testcase classname="com.salesforce.test.tests.SalesforceAutomation" name="LoginErrorMessage" time="0.0">
    <ignored/>
  </testcase> <!-- LoginErrorMessage -->
  <testcase classname="com.salesforce.test.tests.SalesforceAutomation" name="CheckRememberMe" time="0.0">
    <ignored/>
  </testcase> <!-- CheckRememberMe -->
  <testcase classname="com.salesforce.test.tests.SalesforceAutomation" name="TC22defaultview" time="0.0">
    <ignored/>
  </testcase> <!-- TC22defaultview -->
  <testcase classname="com.salesforce.test.tests.SalesforceAutomation" name="TC11Creatnewview" time="0.0">
    <ignored/>
  </testcase> <!-- TC11Creatnewview -->
  <testcase classname="com.salesforce.test.tests.SalesforceAutomation" name="TC30" time="0.0">
    <ignored/>
  </testcase> <!-- TC30 -->
  <testcase classname="com.salesforce.test.tests.SalesforceAutomation" name="TC32" time="0.0">
    <ignored/>
  </testcase> <!-- TC32 -->
</testsuite> <!-- Regression -->
