<?xml version="1.0" encoding="UTF-8"?>
<testng-results ignored="37" total="38" passed="1" failed="0" skipped="0">
  <reporter-output>
  </reporter-output>
  <suite started-at="2022-10-02T14:59:33 PDT" name="Suite" finished-at="2022-10-02T14:59:59 PDT" duration-ms="25942">
    <groups>
    </groups>
    <test started-at="2022-10-02T14:59:33 PDT" name="Regression" finished-at="2022-10-02T14:59:59 PDT" duration-ms="25942">
      <class name="com.salesforce.test.tests.SalesforceAutomation">
        <test-method is-config="true" signature="SetUpBeforeTest()[pri:0, instance:com.salesforce.test.tests.SalesforceAutomation@7586beff]" started-at="2022-10-02T14:59:33 PDT" name="SetUpBeforeTest" finished-at="2022-10-02T14:59:33 PDT" duration-ms="43" status="PASS">
          <reporter-output>
          </reporter-output>
        </test-method> <!-- SetUpBeforeTest -->
        <test-method is-config="true" signature="setUp()[pri:0, instance:com.salesforce.test.tests.SalesforceAutomation@7586beff]" started-at="2022-10-02T14:59:33 PDT" name="setUp" finished-at="2022-10-02T14:59:33 PDT" duration-ms="2" status="PASS">
          <reporter-output>
          </reporter-output>
        </test-method> <!-- setUp -->
        <test-method signature="TC37()[pri:0, instance:com.salesforce.test.tests.SalesforceAutomation@7586beff]" started-at="2022-10-02T14:59:33 PDT" name="TC37" finished-at="2022-10-02T14:59:59 PDT" duration-ms="25862" status="PASS">
          <reporter-output>
          </reporter-output>
        </test-method> <!-- TC37 -->
      </class> <!-- com.salesforce.test.tests.SalesforceAutomation -->
    </test> <!-- Regression -->
  </suite> <!-- Suite -->
</testng-results>
